<?xml version="1.0" encoding="UTF-8"?>
<!-- Generated by org.testng.reporters.JUnitReportReporter -->
<testsuite hostname="DESKTOP-JH8O8SM" failures="0" tests="2" name="before_after_meth_exmp.Testng_group" time="0.030" errors="0" timestamp="2025-04-17T22:28:18 IST" skipped="0">
  <testcase classname="before_after_meth_exmp.Testng_group" name="test4" time="0.004"/>
  <testcase classname="before_after_meth_exmp.Testng_group" name="test1" time="0.026"/>
</testsuite> <!-- before_after_meth_exmp.Testng_group -->
