<?xml version="1.0" encoding="UTF-8"?>
<!-- Generated by org.testng.reporters.JUnitReportReporter -->
<testsuite hostname="DESKTOP-JH8O8SM" failures="0" tests="2" name="meghana_practice1_testNG.Orange_Sauce_demo" time="22.786" errors="0" timestamp="2025-04-27T22:59:41 IST" skipped="0">
  <testcase classname="meghana_practice1_testNG.Orange_Sauce_demo" name="orange_login" time="14.768"/>
  <testcase classname="meghana_practice1_testNG.Orange_Sauce_demo" name="Sauce_login" time="8.018"/>
</testsuite> <!-- meghana_practice1_testNG.Orange_Sauce_demo -->
