<?xml version="1.0" encoding="UTF-8"?>
<!-- Generated by org.testng.reporters.JUnitReportReporter -->
<testsuite hostname="DESKTOP-JH8O8SM" failures="0" tests="2" name="before_after_meth_exmp.Beforeclass_Afterclass_ex" time="0.023" errors="0" timestamp="2025-04-17T22:03:00 IST" skipped="0">
  <testcase classname="before_after_meth_exmp.Beforeclass_Afterclass_ex" name="postvideos" time="0.016"/>
  <testcase classname="before_after_meth_exmp.Beforeclass_Afterclass_ex" name="settings" time="0.007"/>
</testsuite> <!-- before_after_meth_exmp.Beforeclass_Afterclass_ex -->
