<?xml version="1.0" encoding="UTF-8"?>
<!-- Generated by org.testng.reporters.JUnitReportReporter -->
<testsuite hostname="DESKTOP-JH8O8SM" failures="0" tests="10" name="test_ng_framework.TestNG_exmp" time="0.071" errors="0" timestamp="2025-04-17T21:04:44 IST" skipped="1">
  <testcase classname="test_ng_framework.TestNG_exmp" name="testcase3" time="0.016"/>
  <testcase classname="test_ng_framework.TestNG_exmp" name="testcase2" time="0.004"/>
  <testcase classname="test_ng_framework.TestNG_exmp" name="testcase7" time="0.005"/>
  <testcase classname="test_ng_framework.TestNG_exmp" name="testcase7" time="0.007"/>
  <testcase classname="test_ng_framework.TestNG_exmp" name="testcase1" time="0.005"/>
  <testcase classname="test_ng_framework.TestNG_exmp" name="testcase7" time="0.004"/>
  <testcase classname="test_ng_framework.TestNG_exmp" name="testcase7" time="0.006"/>
  <testcase classname="test_ng_framework.TestNG_exmp" name="testcase7" time="0.004"/>
  <testcase classname="test_ng_framework.TestNG_exmp" name="testcase4" time="0.020"/>
  <testcase classname="test_ng_framework.TestNG_exmp" name="testcase6">
    <skipped/>
  </testcase> <!-- testcase6 -->
</testsuite> <!-- test_ng_framework.TestNG_exmp -->
