<?xml version="1.0" encoding="UTF-8"?>
<!-- Generated by org.testng.reporters.JUnitReportReporter -->
<testsuite hostname="DESKTOP-JH8O8SM" failures="0" tests="2" name="test_ng_framework.Depends_on" time="0.027" errors="0" timestamp="2025-04-30T21:28:57 IST" skipped="0">
  <testcase classname="test_ng_framework.Depends_on" name="login" time="0.007"/>
  <testcase classname="test_ng_framework.Depends_on" name="signup" time="0.020"/>
</testsuite> <!-- test_ng_framework.Depends_on -->
