<?xml version="1.0" encoding="UTF-8"?>
<!-- Generated by org.testng.reporters.JUnitReportReporter -->
<testsuite hostname="DESKTOP-JH8O8SM" failures="0" tests="2" name="data_provider_exmp.Data_provider_exmp" time="0.032" errors="0" timestamp="2025-04-18T21:18:24 IST" skipped="0">
  <testcase classname="data_provider_exmp.Data_provider_exmp" name="login" time="0.013"/>
  <testcase classname="data_provider_exmp.Data_provider_exmp" name="login" time="0.019"/>
</testsuite> <!-- data_provider_exmp.Data_provider_exmp -->
