<?xml version="1.0" encoding="UTF-8"?>
<!-- Generated by org.testng.reporters.JUnitReportReporter -->
<testsuite hostname="DESKTOP-JH8O8SM" failures="0" tests="1" name="module3_assignment1.Before_after_annot_" time="4.315" errors="0" timestamp="2025-04-25T14:03:30 IST" skipped="0">
  <testcase classname="module3_assignment1.Before_after_annot_" name="login" time="4.315"/>
</testsuite> <!-- module3_assignment1.Before_after_annot_ -->
